<?xml version="1.0" encoding="UTF-8"?>
<!-- Generated by org.testng.reporters.JUnitReportReporter -->
<testsuite skipped="0" hostname="Dell-PC" name="TestNGcases.TesngVerify" tests="3" failures="0" timestamp="01 Aug 2019 14:59:48 GMT" time="37.327" errors="0">
  <testcase name="launchBrowser" time="29.685" classname="TestNGcases.TesngVerify"/>
  <testcase name="verifyTite" time="6.914" classname="TestNGcases.TesngVerify"/>
  <testcase name="closeBrowser" time="0.728" classname="TestNGcases.TesngVerify"/>
</testsuite> <!-- TestNGcases.TesngVerify -->
