<?xml version="1.0" encoding="UTF-8"?>
<!-- Generated by org.testng.reporters.JUnitReportReporter -->
<testsuite skipped="0" hostname="Dell-PC" name="TestNGcases.Class1" tests="4" failures="0" timestamp="28 Jul 2019 15:30:26 GMT" time="110.951" errors="0">
  <testcase name="launchBrowser" time="26.503" classname="TestNGcases.Class1"/>
  <testcase name="verifyGoogle" time="7.935" classname="TestNGcases.Class1"/>
  <testcase name="verifyYahoo" time="75.542" classname="TestNGcases.Class1"/>
  <testcase name="closeBrowser" time="0.971" classname="TestNGcases.Class1"/>
</testsuite> <!-- TestNGcases.Class1 -->
