<?xml version="1.0" encoding="UTF-8"?>
<!-- Generated by org.testng.reporters.JUnitReportReporter -->
<testsuite skipped="0" hostname="Dell-PC" name="Reports.Test1" tests="3" failures="0" timestamp="16 Jul 2019 11:38:03 GMT" time="54.266" errors="0">
  <testcase name="verifygoogleTitle" time="4.726" classname="Reports.Test1"/>
  <testcase name="verifyYahooTitle" time="43.191" classname="Reports.Test1"/>
  <testcase name="verifygcrTitle" time="6.349" classname="Reports.Test1"/>
</testsuite> <!-- Reports.Test1 -->
