<?xml version="1.0" encoding="UTF-8"?>
<!-- Generated by org.testng.reporters.JUnitReportReporter -->
<testsuite skipped="0" hostname="Dell-PC" name="DatadataDriven.DataDrivenFrame" tests="3" failures="0" timestamp="02 Aug 2019 14:52:09 GMT" time="65.714" errors="0">
  <testcase name="loginGcrshop" time="20.632" classname="DatadataDriven.DataDrivenFrame"/>
  <testcase name="loginGcrshop" time="22.901" classname="DatadataDriven.DataDrivenFrame"/>
  <testcase name="loginGcrshop" time="22.181" classname="DatadataDriven.DataDrivenFrame"/>
</testsuite> <!-- DatadataDriven.DataDrivenFrame -->
